Connecting to database specified by database.yml
Connecting to database specified by database.yml
Started GET "/" for 127.0.0.1 at 2013-10-07 11:47:13 -0600
Processing by EventsController#index as HTML
Completed 500 Internal Server Error in 202ms

ActiveRecord::ConnectionAdapters::OracleEnhancedConnectionException ("DESC users" failed; does it exist?):
  activerecord-oracle_enhanced-adapter (1.4.2) lib/active_record/connection_adapters/oracle_enhanced_connection.rb:76:in `describe'
  activerecord-oracle_enhanced-adapter (1.4.2) lib/active_record/connection_adapters/oracle_enhanced_oci_connection.rb:213:in `rescue in describe'
  activerecord-oracle_enhanced-adapter (1.4.2) lib/active_record/connection_adapters/oracle_enhanced_oci_connection.rb:208:in `describe'
  activerecord-oracle_enhanced-adapter (1.4.2) lib/active_record/connection_adapters/oracle_enhanced_adapter.rb:1074:in `columns_without_cache'
  activerecord-oracle_enhanced-adapter (1.4.2) lib/active_record/connection_adapters/oracle_enhanced_adapter.rb:1063:in `columns'
  activerecord (3.2.13) lib/active_record/connection_adapters/schema_cache.rb:12:in `block in initialize'
  activerecord (3.2.13) lib/active_record/model_schema.rb:228:in `yield'
  activerecord (3.2.13) lib/active_record/model_schema.rb:228:in `default'
  activerecord (3.2.13) lib/active_record/model_schema.rb:228:in `columns'
  activerecord (3.2.13) lib/active_record/model_schema.rb:237:in `columns_hash'
  activerecord (3.2.13) lib/active_record/locking/optimistic.rb:131:in `locking_enabled?'
  activerecord (3.2.13) lib/active_record/relation.rb:170:in `exec_queries'
  activerecord (3.2.13) lib/active_record/relation.rb:160:in `block in to_a'
  activerecord (3.2.13) lib/active_record/explain.rb:41:in `logging_query_plan'
  activerecord (3.2.13) lib/active_record/relation.rb:159:in `to_a'
  activerecord (3.2.13) lib/active_record/relation/finder_methods.rb:380:in `find_first'
  activerecord (3.2.13) lib/active_record/relation/finder_methods.rb:122:in `first'
  orm_adapter (0.4.0) lib/orm_adapter/adapters/active_record.rb:17:in `get'
  devise (3.1.1) lib/devise/models/authenticatable.rb:209:in `serialize_from_session'
  devise (3.1.1) lib/devise.rb:450:in `block (2 levels) in configure_warden!'
  warden (1.2.3) lib/warden/session_serializer.rb:34:in `fetch'
  warden (1.2.3) lib/warden/proxy.rb:212:in `user'
  warden (1.2.3) lib/warden/proxy.rb:318:in `_perform_authentication'
  warden (1.2.3) lib/warden/proxy.rb:127:in `authenticate!'
  devise (3.1.1) lib/devise/controllers/helpers.rb:48:in `authenticate_user!'
  activesupport (3.2.13) lib/active_support/callbacks.rb:418:in `_run__4332745487990605895__process_action__2305777685002249563__callbacks'
  activesupport (3.2.13) lib/active_support/callbacks.rb:405:in `__run_callback'
  activesupport (3.2.13) lib/active_support/callbacks.rb:385:in `_run_process_action_callbacks'
  activesupport (3.2.13) lib/active_support/callbacks.rb:81:in `run_callbacks'
  actionpack (3.2.13) lib/abstract_controller/callbacks.rb:17:in `process_action'
  actionpack (3.2.13) lib/action_controller/metal/rescue.rb:29:in `process_action'
  actionpack (3.2.13) lib/action_controller/metal/instrumentation.rb:30:in `block in process_action'
  activesupport (3.2.13) lib/active_support/notifications.rb:123:in `block in instrument'
  activesupport (3.2.13) lib/active_support/notifications/instrumenter.rb:20:in `instrument'
  activesupport (3.2.13) lib/active_support/notifications.rb:123:in `instrument'
  actionpack (3.2.13) lib/action_controller/metal/instrumentation.rb:29:in `process_action'
  actionpack (3.2.13) lib/action_controller/metal/params_wrapper.rb:207:in `process_action'
  activerecord (3.2.13) lib/active_record/railties/controller_runtime.rb:18:in `process_action'
  actionpack (3.2.13) lib/abstract_controller/base.rb:121:in `process'
  actionpack (3.2.13) lib/abstract_controller/rendering.rb:45:in `process'
  actionpack (3.2.13) lib/action_controller/metal.rb:203:in `dispatch'
  actionpack (3.2.13) lib/action_controller/metal/rack_delegation.rb:14:in `dispatch'
  actionpack (3.2.13) lib/action_controller/metal.rb:246:in `block in action'
  actionpack (3.2.13) lib/action_dispatch/routing/route_set.rb:73:in `call'
  actionpack (3.2.13) lib/action_dispatch/routing/route_set.rb:73:in `dispatch'
  actionpack (3.2.13) lib/action_dispatch/routing/route_set.rb:36:in `call'
  journey (1.0.4) lib/journey/router.rb:68:in `block in call'
  journey (1.0.4) lib/journey/router.rb:56:in `each'
  journey (1.0.4) lib/journey/router.rb:56:in `call'
  actionpack (3.2.13) lib/action_dispatch/routing/route_set.rb:612:in `call'
  warden (1.2.3) lib/warden/manager.rb:35:in `block in call'
  warden (1.2.3) lib/warden/manager.rb:34:in `catch'
  warden (1.2.3) lib/warden/manager.rb:34:in `call'
  actionpack (3.2.13) lib/action_dispatch/middleware/best_standards_support.rb:17:in `call'
  rack (1.4.5) lib/rack/etag.rb:23:in `call'
  rack (1.4.5) lib/rack/conditionalget.rb:25:in `call'
  actionpack (3.2.13) lib/action_dispatch/middleware/head.rb:14:in `call'
  actionpack (3.2.13) lib/action_dispatch/middleware/params_parser.rb:21:in `call'
  actionpack (3.2.13) lib/action_dispatch/middleware/flash.rb:242:in `call'
  rack (1.4.5) lib/rack/session/abstract/id.rb:210:in `context'
  rack (1.4.5) lib/rack/session/abstract/id.rb:205:in `call'
  actionpack (3.2.13) lib/action_dispatch/middleware/cookies.rb:341:in `call'
  activerecord (3.2.13) lib/active_record/query_cache.rb:64:in `call'
  activerecord (3.2.13) lib/active_record/connection_adapters/abstract/connection_pool.rb:479:in `call'
  actionpack (3.2.13) lib/action_dispatch/middleware/callbacks.rb:28:in `block in call'
  activesupport (3.2.13) lib/active_support/callbacks.rb:405:in `_run__4510498798945824586__call__79356369188666600__callbacks'
  activesupport (3.2.13) lib/active_support/callbacks.rb:405:in `__run_callback'
  activesupport (3.2.13) lib/active_support/callbacks.rb:385:in `_run_call_callbacks'
  activesupport (3.2.13) lib/active_support/callbacks.rb:81:in `run_callbacks'
  actionpack (3.2.13) lib/action_dispatch/middleware/callbacks.rb:27:in `call'
  actionpack (3.2.13) lib/action_dispatch/middleware/remote_ip.rb:31:in `call'
  actionpack (3.2.13) lib/action_dispatch/middleware/debug_exceptions.rb:16:in `call'
  actionpack (3.2.13) lib/action_dispatch/middleware/show_exceptions.rb:56:in `call'
  railties (3.2.13) lib/rails/rack/logger.rb:32:in `call_app'
  railties (3.2.13) lib/rails/rack/logger.rb:16:in `block in call'
  activesupport (3.2.13) lib/active_support/tagged_logging.rb:22:in `tagged'
  railties (3.2.13) lib/rails/rack/logger.rb:16:in `call'
  actionpack (3.2.13) lib/action_dispatch/middleware/request_id.rb:22:in `call'
  rack (1.4.5) lib/rack/methodoverride.rb:21:in `call'
  rack (1.4.5) lib/rack/runtime.rb:17:in `call'
  activesupport (3.2.13) lib/active_support/cache/strategy/local_cache.rb:72:in `call'
  rack (1.4.5) lib/rack/lock.rb:15:in `call'
  rack-cache (1.2) lib/rack/cache/context.rb:136:in `forward'
  rack-cache (1.2) lib/rack/cache/context.rb:245:in `fetch'
  rack-cache (1.2) lib/rack/cache/context.rb:185:in `lookup'
  rack-cache (1.2) lib/rack/cache/context.rb:66:in `call!'
  rack-cache (1.2) lib/rack/cache/context.rb:51:in `call'
  railties (3.2.13) lib/rails/engine.rb:479:in `call'
  railties (3.2.13) lib/rails/application.rb:223:in `call'
  rack (1.4.5) lib/rack/content_length.rb:14:in `call'
  railties (3.2.13) lib/rails/rack/log_tailer.rb:17:in `call'
  thin (1.5.1) lib/thin/connection.rb:81:in `block in pre_process'
  thin (1.5.1) lib/thin/connection.rb:79:in `catch'
  thin (1.5.1) lib/thin/connection.rb:79:in `pre_process'
  thin (1.5.1) lib/thin/connection.rb:54:in `process'
  thin (1.5.1) lib/thin/connection.rb:39:in `receive_data'
  eventmachine (1.0.3) lib/eventmachine.rb:187:in `run_machine'
  eventmachine (1.0.3) lib/eventmachine.rb:187:in `run'
  thin (1.5.1) lib/thin/backends/base.rb:63:in `start'
  thin (1.5.1) lib/thin/server.rb:159:in `start'
  rack (1.4.5) lib/rack/handler/thin.rb:13:in `run'
  rack (1.4.5) lib/rack/server.rb:268:in `start'
  railties (3.2.13) lib/rails/commands/server.rb:70:in `start'
  railties (3.2.13) lib/rails/commands.rb:55:in `block in <top (required)>'
  railties (3.2.13) lib/rails/commands.rb:50:in `tap'
  railties (3.2.13) lib/rails/commands.rb:50:in `<top (required)>'
  script/rails:6:in `require'
  script/rails:6:in `<main>'


Started GET "/favicon.ico" for 127.0.0.1 at 2013-10-07 11:47:13 -0600

ActionController::RoutingError (No route matches [GET] "/favicon.ico"):
  actionpack (3.2.13) lib/action_dispatch/middleware/debug_exceptions.rb:21:in `call'
  actionpack (3.2.13) lib/action_dispatch/middleware/show_exceptions.rb:56:in `call'
  railties (3.2.13) lib/rails/rack/logger.rb:32:in `call_app'
  railties (3.2.13) lib/rails/rack/logger.rb:16:in `block in call'
  activesupport (3.2.13) lib/active_support/tagged_logging.rb:22:in `tagged'
  railties (3.2.13) lib/rails/rack/logger.rb:16:in `call'
  actionpack (3.2.13) lib/action_dispatch/middleware/request_id.rb:22:in `call'
  rack (1.4.5) lib/rack/methodoverride.rb:21:in `call'
  rack (1.4.5) lib/rack/runtime.rb:17:in `call'
  activesupport (3.2.13) lib/active_support/cache/strategy/local_cache.rb:72:in `call'
  rack (1.4.5) lib/rack/lock.rb:15:in `call'
  rack-cache (1.2) lib/rack/cache/context.rb:136:in `forward'
  rack-cache (1.2) lib/rack/cache/context.rb:245:in `fetch'
  rack-cache (1.2) lib/rack/cache/context.rb:185:in `lookup'
  rack-cache (1.2) lib/rack/cache/context.rb:66:in `call!'
  rack-cache (1.2) lib/rack/cache/context.rb:51:in `call'
  railties (3.2.13) lib/rails/engine.rb:479:in `call'
  railties (3.2.13) lib/rails/application.rb:223:in `call'
  rack (1.4.5) lib/rack/content_length.rb:14:in `call'
  railties (3.2.13) lib/rails/rack/log_tailer.rb:17:in `call'
  thin (1.5.1) lib/thin/connection.rb:81:in `block in pre_process'
  thin (1.5.1) lib/thin/connection.rb:79:in `catch'
  thin (1.5.1) lib/thin/connection.rb:79:in `pre_process'
  thin (1.5.1) lib/thin/connection.rb:54:in `process'
  thin (1.5.1) lib/thin/connection.rb:39:in `receive_data'
  eventmachine (1.0.3) lib/eventmachine.rb:187:in `run_machine'
  eventmachine (1.0.3) lib/eventmachine.rb:187:in `run'
  thin (1.5.1) lib/thin/backends/base.rb:63:in `start'
  thin (1.5.1) lib/thin/server.rb:159:in `start'
  rack (1.4.5) lib/rack/handler/thin.rb:13:in `run'
  rack (1.4.5) lib/rack/server.rb:268:in `start'
  railties (3.2.13) lib/rails/commands/server.rb:70:in `start'
  railties (3.2.13) lib/rails/commands.rb:55:in `block in <top (required)>'
  railties (3.2.13) lib/rails/commands.rb:50:in `tap'
  railties (3.2.13) lib/rails/commands.rb:50:in `<top (required)>'
  script/rails:6:in `require'
  script/rails:6:in `<main>'


Connecting to database specified by database.yml
OracleEnhanced shortened default index name index_schema_migrations_on_version to i_schema_migrations_version
Migrating to CreateAddresses (20130827181713)
Migrating to CreateTownships (20130827184355)
Migrating to CreatePlaces (20130827184416)
Migrating to CreateCrimes (20130827184537)
Migrating to CreateDrugs (20130827191055)
Migrating to CreateAreas (20130827191458)
Migrating to CreateAnalysts (20130828181426)
Migrating to CreatePeople (20130829181516)
Migrating to CreateStatuses (20130829212747)
Migrating to CreateWeapons (20130902224157)
Migrating to CreateWeaponTypes (20130903160639)
Migrating to CreateCriminalGroups (20130903175214)
Migrating to CreateCriminalWeapons (20130905164839)
Migrating to CreateCriminalVehicles (20130906174039)
Migrating to CreateVehicles (20130906174040)
Migrating to CreateCriminalDrugs (20130909170258)
Migrating to CreatePriorities (20130909214611)
Migrating to CreateEventPeople (20130910211805)
Migrating to CreateEventVehicles (20130911164652)
Migrating to CreateEventDrugs (20130911171608)
Migrating to CreateEventWeapons (20130911193511)
Migrating to CreateLocalities (20130911193922)
Migrating to CreateUsers (20130918222343)
Migrating to AddDeviseToUsers (20130918222459)
OracleEnhanced shortened default index name index_users_on_reset_password_token to i_users_reset_password_token
Migrating to CreateRoles (20130919193903)
Migrating to AddRoleToUsers (20130919195352)
Migrating to AddDescriptionToStatus (20130920213036)
Migrating to AddMediosToRoles (20130920220215)
Migrating to AddConfirmableToUser (20130923221211)
Migrating to CreateEvents (20130927160301)
